<?xml version="1.0" encoding="UTF-8"?>
<!-- Generated by org.testng.reporters.JUnitReportReporter -->
<testsuite hostname="LAPTOP-VKBHV4LJ" failures="0" tests="1" name="authentication.bearertoken_class" time="2.418" errors="0" timestamp="2024-09-22T21:12:08 GST" skipped="0">
  <testcase classname="authentication.bearertoken_class" name="bearertoken" time="2.418"/>
</testsuite> <!-- authentication.bearertoken_class -->
