<?xml version="1.0" encoding="UTF-8"?>
<!-- Generated by org.testng.reporters.JUnitReportReporter -->
<testsuite hostname="LAPTOP-VKBHV4LJ" failures="0" tests="2" name="responseheadervalidation.hamcrest_responseheadervalidate" time="2.618" errors="0" timestamp="2024-09-23T12:25:36 GST" skipped="0">
  <testcase classname="responseheadervalidation.hamcrest_responseheadervalidate" name="method1" time="2.175"/>
  <testcase classname="responseheadervalidation.hamcrest_responseheadervalidate" name="method2" time="0.443"/>
</testsuite> <!-- responseheadervalidation.hamcrest_responseheadervalidate -->
