<?xml version="1.0" encoding="UTF-8"?>
<!-- Generated by org.testng.reporters.JUnitReportReporter -->
<testsuite hostname="LAPTOP-VKBHV4LJ" failures="0" tests="4" name="package1.Authentication" time="5.477" errors="0" timestamp="2024-03-09T21:39:47 AST" skipped="0">
  <testcase classname="package1.Authentication" name="preemtiveAuth" time="0.950"/>
  <testcase classname="package1.Authentication" name="basicAuth" time="2.629"/>
  <testcase classname="package1.Authentication" name="bearertokenAuth1" time="0.699"/>
  <testcase classname="package1.Authentication" name="digestAuth" time="1.199"/>
</testsuite> <!-- package1.Authentication -->
