<?xml version="1.0" encoding="UTF-8"?>
<!-- Generated by org.testng.reporters.JUnitReportReporter -->
<testsuite hostname="LAPTOP-VKBHV4LJ" failures="0" tests="1" name="pojo_requestbodycreation.createuser_post" time="3.013" errors="0" timestamp="2024-09-23T20:56:13 GST" skipped="0">
  <testcase classname="pojo_requestbodycreation.createuser_post" name="createuser" time="3.013"/>
</testsuite> <!-- pojo_requestbodycreation.createuser_post -->
