<?xml version="1.0" encoding="UTF-8"?>
<!-- Generated by org.testng.reporters.JUnitReportReporter -->
<testsuite hostname="LAPTOP-VKBHV4LJ" failures="0" tests="1" name="requestbodycreation.usingexternaljsonfile" time="2.500" errors="0" timestamp="2024-09-20T22:10:34 AST" skipped="0">
  <testcase classname="requestbodycreation.usingexternaljsonfile" name="method1" time="2.500"/>
</testsuite> <!-- requestbodycreation.usingexternaljsonfile -->
