<?xml version="1.0" encoding="UTF-8"?>
<!-- Generated by org.testng.reporters.JUnitReportReporter -->
<testsuite hostname="LAPTOP-VKBHV4LJ" failures="0" tests="1" name="package1.class1" time="0.009" errors="0" timestamp="2024-02-28T22:08:40 AST" skipped="0">
  <testcase classname="package1.class1" name="method1" time="0.009"/>
</testsuite> <!-- package1.class1 -->
