<?xml version="1.0" encoding="UTF-8"?>
<!-- Generated by org.testng.reporters.JUnitReportReporter -->
<testsuite hostname="LAPTOP-VKBHV4LJ" failures="0" tests="2" name="responsebodyvalidation.parsing_usingjsonpath_assertequals" time="3.992" errors="0" timestamp="2024-09-23T12:13:23 GST" skipped="0">
  <testcase classname="responsebodyvalidation.parsing_usingjsonpath_assertequals" name="method1" time="3.477"/>
  <testcase classname="responsebodyvalidation.parsing_usingjsonpath_assertequals" name="method2" time="0.515"/>
</testsuite> <!-- responsebodyvalidation.parsing_usingjsonpath_assertequals -->
