<?xml version="1.0" encoding="UTF-8"?>
<!-- Generated by org.testng.reporters.JUnitReportReporter -->
<testsuite hostname="LAPTOP-VKBHV4LJ" failures="0" tests="1" name="responseheadervalidation.hamcrest_responseheadervalidate" time="1.910" errors="0" timestamp="2024-09-20T22:11:03 AST" skipped="0">
  <testcase classname="responseheadervalidation.hamcrest_responseheadervalidate" name="method3" time="1.910"/>
</testsuite> <!-- responseheadervalidation.hamcrest_responseheadervalidate -->
