<?xml version="1.0" encoding="UTF-8"?>
<!-- Generated by org.testng.reporters.JUnitReportReporter -->
<testsuite hostname="LAPTOP-VKBHV4LJ" failures="0" tests="1" name="APIChaining.Createuser" time="0.405" errors="0" timestamp="2024-03-14T17:22:14 AST" skipped="0">
  <testcase classname="APIChaining.Createuser" name="method2" time="0.405"/>
</testsuite> <!-- APIChaining.Createuser -->
