<?xml version="1.0" encoding="UTF-8"?>
<!-- Generated by org.testng.reporters.JUnitReportReporter -->
<testsuite hostname="LAPTOP-VKBHV4LJ" failures="0" tests="1" name="package1.Parsingresponse" time="2.205" errors="0" timestamp="2024-03-09T17:34:58 AST" skipped="0">
  <testcase classname="package1.Parsingresponse" name="method1" time="2.205"/>
</testsuite> <!-- package1.Parsingresponse -->
