<?xml version="1.0" encoding="UTF-8"?>
<!-- Generated by org.testng.reporters.JUnitReportReporter -->
<testsuite hostname="LAPTOP-VKBHV4LJ" failures="0" tests="1" name="cookiesextraction.getcookies_printeachnamevalue" time="2.138" errors="0" timestamp="2024-09-21T19:17:52 GST" skipped="0">
  <testcase classname="cookiesextraction.getcookies_printeachnamevalue" name="method1" time="2.138"/>
</testsuite> <!-- cookiesextraction.getcookies_printeachnamevalue -->
