<?xml version="1.0" encoding="UTF-8"?>
<!-- Generated by org.testng.reporters.JUnitReportReporter -->
<testsuite hostname="LAPTOP-VKBHV4LJ" failures="0" tests="1" name="package1.cookiemap" time="2.312" errors="0" timestamp="2024-03-06T14:54:25 AST" skipped="0">
  <testcase classname="package1.cookiemap" name="method1" time="2.312"/>
</testsuite> <!-- package1.cookiemap -->
