<?xml version="1.0" encoding="UTF-8"?>
<!-- Generated by org.testng.reporters.JUnitReportReporter -->
<testsuite hostname="LAPTOP-VKBHV4LJ" failures="0" tests="1" name="responseheaderextraction.getheader_method" time="1.828" errors="0" timestamp="2024-09-21T20:15:42 GST" skipped="0">
  <testcase classname="responseheaderextraction.getheader_method" name="method1" time="1.828"/>
</testsuite> <!-- responseheaderextraction.getheader_method -->
