<?xml version="1.0" encoding="UTF-8"?>
<!-- Generated by org.testng.reporters.JUnitReportReporter -->
<testsuite hostname="LAPTOP-VKBHV4LJ" failures="0" tests="1" name="package1.ConstructRequestBody" time="1.943" errors="0" timestamp="2024-03-05T14:55:37 AST" skipped="0">
  <testcase classname="package1.ConstructRequestBody" name="method1" time="1.943"/>
</testsuite> <!-- package1.ConstructRequestBody -->
