<?xml version="1.0" encoding="UTF-8"?>
<!-- Generated by org.testng.reporters.JUnitReportReporter -->
<testsuite hostname="LAPTOP-VKBHV4LJ" failures="0" tests="1" name="responseheaderextraction.getheaders_method" time="1.883" errors="0" timestamp="2024-09-21T20:21:50 GST" skipped="0">
  <testcase classname="responseheaderextraction.getheaders_method" name="method1" time="1.883"/>
</testsuite> <!-- responseheaderextraction.getheaders_method -->
