<?xml version="1.0" encoding="UTF-8"?>
<!-- Generated by org.testng.reporters.JUnitReportReporter -->
<testsuite hostname="LAPTOP-VKBHV4LJ" failures="0" tests="1" name="responseheaderextraction.getheader_simplemethod" time="2.196" errors="0" timestamp="2024-09-23T12:21:40 GST" skipped="0">
  <testcase classname="responseheaderextraction.getheader_simplemethod" name="method1" time="2.196"/>
</testsuite> <!-- responseheaderextraction.getheader_simplemethod -->
