<?xml version="1.0" encoding="UTF-8"?>
<!-- Generated by org.testng.reporters.JUnitReportReporter -->
<testsuite hostname="LAPTOP-VKBHV4LJ" failures="0" tests="1" name="package1.jsonlibrary" time="2.649" errors="0" timestamp="2024-09-16T07:28:48 AST" skipped="0">
  <testcase classname="package1.jsonlibrary" name="method1" time="2.649"/>
</testsuite> <!-- package1.jsonlibrary -->
