<?xml version="1.0" encoding="UTF-8"?>
<!-- Generated by org.testng.reporters.JUnitReportReporter -->
<testsuite hostname="LAPTOP-VKBHV4LJ" failures="0" tests="1" name="package1.jsonexternalfile" time="1.812" errors="0" timestamp="2024-03-05T14:53:57 AST" skipped="0">
  <testcase classname="package1.jsonexternalfile" name="method1" time="1.812"/>
</testsuite> <!-- package1.jsonexternalfile -->
