<?xml version="1.0" encoding="UTF-8"?>
<!-- Generated by org.testng.reporters.JUnitReportReporter -->
<testsuite hostname="LAPTOP-VKBHV4LJ" failures="0" tests="1" name="responsebodyvalidation.getresponsebodyusingResponse_Print" time="1.975" errors="0" timestamp="2024-09-22T22:26:41 GST" skipped="0">
  <testcase classname="responsebodyvalidation.getresponsebodyusingResponse_Print" name="method2" time="1.975"/>
</testsuite> <!-- responsebodyvalidation.getresponsebodyusingResponse_Print -->
