<?xml version="1.0" encoding="UTF-8"?>
<!-- Generated by org.testng.reporters.JUnitReportReporter -->
<testsuite hostname="LAPTOP-VKBHV4LJ" failures="0" tests="1" name="package1.ConstructRequestBodyarray" time="1.991" errors="0" timestamp="2024-03-03T17:02:21 AST" skipped="0">
  <testcase classname="package1.ConstructRequestBodyarray" name="method2" time="1.991"/>
</testsuite> <!-- package1.ConstructRequestBodyarray -->
