<?xml version="1.0" encoding="UTF-8"?>
<!-- Generated by org.testng.reporters.JUnitReportReporter -->
<testsuite hostname="LAPTOP-VKBHV4LJ" failures="0" tests="1" name="apichaining_Itextcontext.gettheuser" time="2.574" errors="0" timestamp="2024-09-22T23:16:06 GST" skipped="0">
  <testcase classname="apichaining_Itextcontext.gettheuser" name="getusermethod" time="2.574"/>
</testsuite> <!-- apichaining_Itextcontext.gettheuser -->
