<?xml version="1.0" encoding="UTF-8"?>
<!-- Generated by org.testng.reporters.JUnitReportReporter -->
<testsuite hostname="LAPTOP-VKBHV4LJ" failures="0" tests="1" name="package1.pathandqueryparameter" time="2.508" errors="0" timestamp="2024-09-21T17:54:57 GST" skipped="0">
  <testcase classname="package1.pathandqueryparameter" name="method1" time="2.508"/>
</testsuite> <!-- package1.pathandqueryparameter -->
