<?xml version="1.0" encoding="UTF-8"?>
<!-- Generated by org.testng.reporters.JUnitReportReporter -->
<testsuite hostname="LAPTOP-VKBHV4LJ" failures="0" tests="1" name="excelpoi_package.excelpoi_createuer" time="0.592" errors="0" timestamp="2024-09-23T00:11:59 GST" skipped="0">
  <testcase classname="excelpoi_package.excelpoi_createuer" name="userdata" time="0.592"/>
</testsuite> <!-- excelpoi_package.excelpoi_createuer -->
