<?xml version="1.0" encoding="UTF-8"?>
<!-- Generated by org.testng.reporters.JUnitReportReporter -->
<testsuite hostname="LAPTOP-VKBHV4LJ" failures="0" tests="2" name="dataproviderTestng.dataprovider_createuser" time="2.759" errors="0" timestamp="2024-09-22T23:37:59 GST" skipped="0">
  <testcase classname="dataproviderTestng.dataprovider_createuser" name="createuser" time="0.475"/>
  <testcase classname="dataproviderTestng.dataprovider_createuser" name="createuser" time="2.284"/>
</testsuite> <!-- dataproviderTestng.dataprovider_createuser -->
