<?xml version="1.0" encoding="UTF-8"?>
<!-- Generated by org.testng.reporters.JUnitReportReporter -->
<testsuite hostname="LAPTOP-VKBHV4LJ" failures="0" tests="1" name="authentication.digestauth_class" time="2.864" errors="0" timestamp="2024-09-22T20:45:32 GST" skipped="0">
  <testcase classname="authentication.digestauth_class" name="digestauth" time="2.864"/>
</testsuite> <!-- authentication.digestauth_class -->
