<?xml version="1.0" encoding="UTF-8"?>
<!-- Generated by org.testng.reporters.JUnitReportReporter -->
<testsuite hostname="LAPTOP-VKBHV4LJ" failures="0" tests="1" name="pathandqueryparameter.pathandquery" time="2.597" errors="0" timestamp="2024-09-21T17:42:59 GST" skipped="0">
  <testcase classname="pathandqueryparameter.pathandquery" name="method1" time="2.597"/>
</testsuite> <!-- pathandqueryparameter.pathandquery -->
