<?xml version="1.0" encoding="UTF-8"?>
<!-- Generated by org.testng.reporters.JUnitReportReporter -->
<testsuite hostname="LAPTOP-VKBHV4LJ" failures="0" tests="1" name="authentication.basicauthclass" time="3.238" errors="0" timestamp="2024-09-22T20:41:50 GST" skipped="0">
  <testcase classname="authentication.basicauthclass" name="basicauth" time="3.238"/>
</testsuite> <!-- authentication.basicauthclass -->
