<?xml version="1.0" encoding="UTF-8"?>
<!-- Generated by org.testng.reporters.JUnitReportReporter -->
<testsuite hostname="LAPTOP-VKBHV4LJ" failures="0" tests="1" name="schemavalidation.jsonschemavalidation" time="2.243" errors="0" timestamp="2024-09-21T16:26:54 GST" skipped="0">
  <testcase classname="schemavalidation.jsonschemavalidation" name="Method1" time="2.243"/>
</testsuite> <!-- schemavalidation.jsonschemavalidation -->
