<?xml version="1.0" encoding="UTF-8"?>
<!-- Generated by org.testng.reporters.JUnitReportReporter -->
<testsuite hostname="LAPTOP-VKBHV4LJ" failures="0" tests="1" name="cookiesextraction.getcookiesmethod" time="1.920" errors="0" timestamp="2024-09-21T18:55:31 GST" skipped="0">
  <testcase classname="cookiesextraction.getcookiesmethod" name="method1" time="1.920"/>
</testsuite> <!-- cookiesextraction.getcookiesmethod -->
