<?xml version="1.0" encoding="UTF-8"?>
<!-- Generated by org.testng.reporters.JUnitReportReporter -->
<testsuite hostname="LAPTOP-VKBHV4LJ" failures="0" tests="1" name="package1.getcookie" time="2.654" errors="0" timestamp="2024-03-09T15:56:10 AST" skipped="0">
  <testcase classname="package1.getcookie" name="method1" time="2.654"/>
</testsuite> <!-- package1.getcookie -->
