<?xml version="1.0" encoding="UTF-8"?>
<!-- Generated by org.testng.reporters.JUnitReportReporter -->
<testsuite hostname="LAPTOP-VKBHV4LJ" failures="0" tests="1" name="cookiesextraction.getcookies_method" time="2.013" errors="0" timestamp="2024-09-23T12:30:57 GST" skipped="0">
  <testcase classname="cookiesextraction.getcookies_method" name="method1" time="2.013"/>
</testsuite> <!-- cookiesextraction.getcookies_method -->
