<?xml version="1.0" encoding="UTF-8"?>
<!-- Generated by org.testng.reporters.JUnitReportReporter -->
<testsuite hostname="LAPTOP-VKBHV4LJ" failures="0" tests="5" name="getrequest.statuscodestatusline_time_validate" time="5.515" errors="0" timestamp="2024-09-23T12:09:05 GST" skipped="0">
  <testcase classname="getrequest.statuscodestatusline_time_validate" name="method3" time="1.161"/>
  <testcase classname="getrequest.statuscodestatusline_time_validate" name="method5" time="0.473"/>
  <testcase classname="getrequest.statuscodestatusline_time_validate" name="method4" time="0.472"/>
  <testcase classname="getrequest.statuscodestatusline_time_validate" name="method1" time="2.967"/>
  <testcase classname="getrequest.statuscodestatusline_time_validate" name="method2" time="0.442"/>
</testsuite> <!-- getrequest.statuscodestatusline_time_validate -->
