<?xml version="1.0" encoding="UTF-8"?>
<!-- Generated by org.testng.reporters.JUnitReportReporter -->
<testsuite hostname="LAPTOP-VKBHV4LJ" failures="0" tests="1" name="responsebodyvalidation.parsing_dynamicaljsonobject_getjsonarray" time="2.230" errors="0" timestamp="2024-09-21T22:52:24 GST" skipped="0">
  <testcase classname="responsebodyvalidation.parsing_dynamicaljsonobject_getjsonarray" name="method1" time="2.230"/>
</testsuite> <!-- responsebodyvalidation.parsing_dynamicaljsonobject_getjsonarray -->
