<?xml version="1.0" encoding="UTF-8"?>
<!-- Generated by org.testng.reporters.JUnitReportReporter -->
<testsuite hostname="LAPTOP-VKBHV4LJ" failures="0" tests="1" name="responseheadervalidation.hamcrest_responseheadervalidate" time="2.215" errors="0" timestamp="2024-09-21T20:03:41 GST" skipped="0">
  <testcase classname="responseheadervalidation.hamcrest_responseheadervalidate" name="method3" time="2.215"/>
</testsuite> <!-- responseheadervalidation.hamcrest_responseheadervalidate -->
