<?xml version="1.0" encoding="UTF-8"?>
<!-- Generated by org.testng.reporters.JUnitReportReporter -->
<testsuite hostname="LAPTOP-VKBHV4LJ" failures="0" tests="1" name="githubfakerlibrary.fakerlibrary" time="2.195" errors="0" timestamp="2024-09-22T22:44:35 GST" skipped="0">
  <testcase classname="githubfakerlibrary.fakerlibrary" name="fakermethod" time="2.195"/>
</testsuite> <!-- githubfakerlibrary.fakerlibrary -->
