<?xml version="1.0" encoding="UTF-8"?>
<!-- Generated by org.testng.reporters.JUnitReportReporter -->
<testsuite hostname="LAPTOP-VKBHV4LJ" failures="0" tests="1" name="package1.putrequest" time="0.010" errors="0" timestamp="2024-03-03T15:47:34 AST" skipped="0">
  <testcase classname="package1.putrequest" name="method1" time="0.010"/>
</testsuite> <!-- package1.putrequest -->
