<?xml version="1.0" encoding="UTF-8"?>
<!-- Generated by org.testng.reporters.JUnitReportReporter -->
<testsuite hostname="LAPTOP-VKBHV4LJ" failures="0" tests="1" name="authentication.apikeyauth_class" time="3.756" errors="0" timestamp="2024-09-22T22:22:51 GST" skipped="0">
  <testcase classname="authentication.apikeyauth_class" name="apikeyauth" time="3.756"/>
</testsuite> <!-- authentication.apikeyauth_class -->
