<?xml version="1.0" encoding="UTF-8"?>
<!-- Generated by org.testng.reporters.JUnitReportReporter -->
<testsuite hostname="LAPTOP-VKBHV4LJ" failures="0" tests="1" name="cookiesextraction.getdetailedcookiemethod" time="1.925" errors="0" timestamp="2024-09-21T19:02:42 GST" skipped="0">
  <testcase classname="cookiesextraction.getdetailedcookiemethod" name="method1" time="1.925"/>
</testsuite> <!-- cookiesextraction.getdetailedcookiemethod -->
