<?xml version="1.0" encoding="UTF-8"?>
<!-- Generated by org.testng.reporters.JUnitReportReporter -->
<testsuite hostname="LAPTOP-VKBHV4LJ" failures="0" tests="1" name="requestbodycreation.usinghashmap" time="2.508" errors="0" timestamp="2024-09-22T10:01:14 GST" skipped="0">
  <testcase classname="requestbodycreation.usinghashmap" name="method1" time="2.508"/>
</testsuite> <!-- requestbodycreation.usinghashmap -->
