<?xml version="1.0" encoding="UTF-8"?>
<!-- Generated by org.testng.reporters.JUnitReportReporter -->
<testsuite hostname="LAPTOP-VKBHV4LJ" failures="0" tests="1" name="APIChaining.getuser" time="1.953" errors="0" timestamp="2024-03-14T17:22:14 AST" skipped="0">
  <testcase classname="APIChaining.getuser" name="method1" time="1.953"/>
</testsuite> <!-- APIChaining.getuser -->
