<?xml version="1.0" encoding="UTF-8"?>
<!-- Generated by org.testng.reporters.JUnitReportReporter -->
<testsuite hostname="LAPTOP-VKBHV4LJ" failures="0" tests="4" name="responsebodyvalidation.hamcrest_numericassertion" time="4.666" errors="0" timestamp="2024-09-21T21:28:22 GST" skipped="0">
  <testcase classname="responsebodyvalidation.hamcrest_numericassertion" name="method3" time="0.541"/>
  <testcase classname="responsebodyvalidation.hamcrest_numericassertion" name="method4" time="0.467"/>
  <testcase classname="responsebodyvalidation.hamcrest_numericassertion" name="method1" time="3.146"/>
  <testcase classname="responsebodyvalidation.hamcrest_numericassertion" name="method2" time="0.512"/>
</testsuite> <!-- responsebodyvalidation.hamcrest_numericassertion -->
