<?xml version="1.0" encoding="UTF-8"?>
<!-- Generated by org.testng.reporters.JUnitReportReporter -->
<testsuite hostname="LAPTOP-VKBHV4LJ" failures="0" tests="1" name="authentication.preemptiveauth_class" time="2.556" errors="0" timestamp="2024-09-22T20:47:32 GST" skipped="0">
  <testcase classname="authentication.preemptiveauth_class" name="preemptiveauth" time="2.556"/>
</testsuite> <!-- authentication.preemptiveauth_class -->
