<?xml version="1.0" encoding="UTF-8"?>
<!-- Generated by org.testng.reporters.JUnitReportReporter -->
<testsuite hostname="LAPTOP-VKBHV4LJ" failures="0" tests="1" name="package1.ResponseHeaders" time="1.601" errors="0" timestamp="2024-03-09T16:41:01 AST" skipped="0">
  <testcase classname="package1.ResponseHeaders" name="method1" time="1.601"/>
</testsuite> <!-- package1.ResponseHeaders -->
