<?xml version="1.0" encoding="UTF-8"?>
<!-- Generated by org.testng.reporters.JUnitReportReporter -->
<testsuite hostname="LAPTOP-VKBHV4LJ" failures="0" tests="1" name="pojo_forresponsebodycreation.createuser" time="2.914" errors="0" timestamp="2024-09-23T20:49:31 GST" skipped="0">
  <testcase classname="pojo_forresponsebodycreation.createuser" name="createuser_method" time="2.914"/>
</testsuite> <!-- pojo_forresponsebodycreation.createuser -->
