<?xml version="1.0" encoding="UTF-8"?>
<!-- Generated by org.testng.reporters.JUnitReportReporter -->
<testsuite hostname="LAPTOP-VKBHV4LJ" failures="0" tests="1" name="package1.ParsingUsingJsonobject" time="4.791" errors="0" timestamp="2024-03-21T15:44:25 AST" skipped="0">
  <testcase classname="package1.ParsingUsingJsonobject" name="method1" time="4.791"/>
</testsuite> <!-- package1.ParsingUsingJsonobject -->
