<?xml version="1.0" encoding="UTF-8"?>
<!-- Generated by org.testng.reporters.JUnitReportReporter -->
<testsuite hostname="LAPTOP-VKBHV4LJ" failures="0" tests="1" name="requestbodycreation.usinghashmap" time="2.280" errors="0" timestamp="2024-09-20T22:10:48 AST" skipped="0">
  <testcase classname="requestbodycreation.usinghashmap" name="method1" time="2.280"/>
</testsuite> <!-- requestbodycreation.usinghashmap -->
