<?xml version="1.0" encoding="UTF-8"?>
<!-- Generated by org.testng.reporters.JUnitReportReporter -->
<testsuite hostname="LAPTOP-VKBHV4LJ" failures="0" tests="1" name="APIChaining.Createuser" time="0.551" errors="0" timestamp="2024-09-22T11:09:09 GST" skipped="0">
  <testcase classname="APIChaining.Createuser" name="method2" time="0.551"/>
</testsuite> <!-- APIChaining.Createuser -->
