<?xml version="1.0" encoding="UTF-8"?>
<!-- Generated by org.testng.reporters.JUnitReportReporter -->
<testsuite hostname="LAPTOP-VKBHV4LJ" failures="0" tests="1" name="package1.Headers" time="1.650" errors="0" timestamp="2024-03-09T16:47:05 AST" skipped="0">
  <testcase classname="package1.Headers" name="method1" time="1.650"/>
</testsuite> <!-- package1.Headers -->
