<?xml version="1.0" encoding="UTF-8"?>
<!-- Generated by org.testng.reporters.JUnitReportReporter -->
<testsuite hostname="LAPTOP-VKBHV4LJ" failures="0" tests="1" name="apichaining_Itextcontext.createuser" time="0.600" errors="0" timestamp="2024-09-22T23:16:06 GST" skipped="0">
  <testcase classname="apichaining_Itextcontext.createuser" name="creatusermethod" time="0.600"/>
</testsuite> <!-- apichaining_Itextcontext.createuser -->
