<?xml version="1.0" encoding="UTF-8"?>
<!-- Generated by org.testng.reporters.JUnitReportReporter -->
<testsuite hostname="LAPTOP-VKBHV4LJ" failures="0" tests="1" name="cookiesextraction.getdetailedcookies_method" time="1.910" errors="0" timestamp="2024-09-21T19:06:46 GST" skipped="0">
  <testcase classname="cookiesextraction.getdetailedcookies_method" name="method1" time="1.910"/>
</testsuite> <!-- cookiesextraction.getdetailedcookies_method -->
