<?xml version="1.0" encoding="UTF-8"?>
<!-- Generated by org.testng.reporters.JUnitReportReporter -->
<testsuite hostname="LAPTOP-VKBHV4LJ" failures="0" tests="1" name="APIChaining.getuser" time="2.723" errors="0" timestamp="2024-09-22T11:09:09 GST" skipped="0">
  <testcase classname="APIChaining.getuser" name="method1" time="2.723"/>
</testsuite> <!-- APIChaining.getuser -->
