<?xml version="1.0" encoding="UTF-8"?>
<!-- Generated by org.testng.reporters.JUnitReportReporter -->
<testsuite hostname="LAPTOP-VKBHV4LJ" failures="0" tests="1" name="responsebodyvalidation.parsingresponse_simple" time="2.921" errors="0" timestamp="2024-09-21T21:33:16 GST" skipped="0">
  <testcase classname="responsebodyvalidation.parsingresponse_simple" name="method1" time="2.921"/>
</testsuite> <!-- responsebodyvalidation.parsingresponse_simple -->
